<?xml version="1.0" encoding="utf-8"?><testsuites name="pytest tests"><testsuite name="pytest" errors="0" failures="0" skipped="0" tests="23" time="1.649" timestamp="2026-06-04T18:07:09.634176+00:00" hostname="agent-env-f9cde857-99b1-48f5-aec3-3ebe4a27145d"><testcase classname="backend.tests.test_cookbook" name="test_create_ingredient" time="0.228" /><testcase classname="backend.tests.test_cookbook" name="test_create_ingredient_duplicate_returns_existing" time="0.048" /><testcase classname="backend.tests.test_cookbook" name="test_create_ingredient_empty" time="0.043" /><testcase classname="backend.tests.test_cookbook" name="test_list_ingredients" time="0.053" /><testcase classname="backend.tests.test_cookbook" name="test_create_more_ingredients" time="0.088" /><testcase classname="backend.tests.test_cookbook" name="test_create_recipe" time="0.047" /><testcase classname="backend.tests.test_cookbook" name="test_create_recipe_negative_calories" time="0.048" /><testcase classname="backend.tests.test_cookbook" name="test_create_recipe_empty_name" time="0.055" /><testcase classname="backend.tests.test_cookbook" name="test_get_recipe" time="0.047" /><testcase classname="backend.tests.test_cookbook" name="test_get_recipe_404" time="0.049" /><testcase classname="backend.tests.test_cookbook" name="test_list_recipes_with_search" time="0.046" /><testcase classname="backend.tests.test_cookbook" name="test_list_recipes_with_filters" time="0.045" /><testcase classname="backend.tests.test_cookbook" name="test_update_recipe_rating" time="0.102" /><testcase classname="backend.tests.test_cookbook" name="test_update_recipe_invalid_rating" time="0.047" /><testcase classname="backend.tests.test_cookbook" name="test_min_rating_filter" time="0.045" /><testcase classname="backend.tests.test_cookbook" name="test_match_recipes" time="0.051" /><testcase classname="backend.tests.test_cookbook" name="test_match_recipes_exact" time="0.046" /><testcase classname="backend.tests.test_cookbook" name="test_mark_cooked" time="0.049" /><testcase classname="backend.tests.test_cookbook" name="test_mark_cooked_not_found" time="0.045" /><testcase classname="backend.tests.test_cookbook" name="test_sync_returns_cooked" time="0.053" /><testcase classname="backend.tests.test_cookbook" name="test_sync_since_filter" time="0.046" /><testcase classname="backend.tests.test_cookbook" name="test_zz_delete_recipe" time="0.092" /><testcase classname="backend.tests.test_cookbook" name="test_zz_delete_ingredients" time="0.135" /></testsuite></testsuites>